<?xml version="1.0" encoding="UTF-8"?>
<!-- Generated by org.testng.reporters.JUnitReportReporter -->
<testsuite hostname="lenovo-PC" name="CharlyEducation.CharlyEducationAssignment.CharlyEducationTest" tests="2" failures="0" timestamp="5 Nov 2019 21:58:00 GMT" time="35.841" errors="0">
  <testcase name="Login_WrongAuthenticationDetails_ShouldFailLogin" time="16.403" classname="CharlyEducation.CharlyEducationAssignment.CharlyEducationTest"/>
  <testcase name="Login_RightAuthenticationDetails_ShouldLoginSuccessfully" time="19.438" classname="CharlyEducation.CharlyEducationAssignment.CharlyEducationTest"/>
</testsuite> <!-- CharlyEducation.CharlyEducationAssignment.CharlyEducationTest -->
